<?xml version="1.0" encoding="UTF-8"?>
<!-- Generated by org.testng.reporters.JUnitReportReporter -->
<testsuite hostname="LAPTOP-FCKU4NQ6" failures="0" tests="1" name="SeleniumWork" time="28.076" errors="0" timestamp="2022-09-20T22:05:54 IST" skipped="0">
  <testcase classname="SeleniumWork" name="testdata" time="28.076"/>
  <system-out/>
</testsuite> <!-- SeleniumWork -->
